<?xml version='1.0' encoding='UTF-8'?>
<testsuite hostname="ammar" name="calculator.CalculatorSuite" tests="13" errors="0" failures="0" skipped="0" time="0.218" timestamp="2020-05-21T02:19:39">
                     <properties>
      <property name="awt.toolkit" value="sun.awt.X11.XToolkit"/><property name="java.specification.version" value="11"/><property name="sun.cpu.isalist" value=""/><property name="sun.jnu.encoding" value="UTF-8"/><property name="sun.arch.data.model" value="64"/><property name="java.vendor.url" value="https://ubuntu.com/"/><property name="sun.boot.library.path" value="/usr/lib/jvm/java-11-openjdk-amd64/lib"/><property name="sun.java.command" value="/usr/share/sbt/bin/sbt-launch.jar"/><property name="jdk.debug" value="release"/><property name="java.specification.vendor" value="Oracle Corporation"/><property name="java.version.date" value="2020-04-14"/><property name="java.home" value="/usr/lib/jvm/java-11-openjdk-amd64"/><property name="file.separator" value="/"/><property name="java.vm.compressedOopsMode" value="32-bit"/><property name="line.separator" value="
"/><property name="java.specification.name" value="Java Platform API Specification"/><property name="java.vm.specification.vendor" value="Oracle Corporation"/><property name="sun.management.compiler" value="HotSpot 64-Bit Tiered Compilers"/><property name="java.runtime.version" value="11.0.7+10-post-Ubuntu-2ubuntu218.04"/><property name="user.name" value="muhammadammarabid"/><property name="log4j.ignoreTCL" value="true"/><property name="file.encoding" value="UTF-8"/><property name="jnidispatch.path" value="/tmp/jna--859890614/jna16102884967325364931.tmp"/><property name="jna.loaded" value="true"/><property name="java.io.tmpdir" value="/tmp"/><property name="java.version" value="11.0.7"/><property name="java.vm.specification.name" value="Java Virtual Machine Specification"/><property name="java.awt.printerjob" value="sun.print.PSPrinterJob"/><property name="sun.os.patch.level" value="unknown"/><property name="java.library.path" value="/usr/java/packages/lib:/usr/lib/x86_64-linux-gnu/jni:/lib/x86_64-linux-gnu:/usr/lib/x86_64-linux-gnu:/usr/lib/jni:/lib:/usr/lib"/><property name="java.vendor" value="Ubuntu"/><property name="scala.ext.dirs" value="/home/muhammadammarabid/.sbt/0.13/java9-rt-ext-ubuntu_11_0_7"/><property name="sun.io.unicode.encoding" value="UnicodeLittle"/><property name="sun.desktop" value="gnome"/><property name="java.class.path" value="/usr/share/sbt/bin/sbt-launch.jar"/><property name="java.vm.vendor" value="Ubuntu"/><property name="jline.shutdownhook" value="false"/><property name="user.timezone" value="Asia/Karachi"/><property name="os.name" value="Linux"/><property name="java.vm.specification.version" value="11"/><property name="sun.java.launcher" value="SUN_STANDARD"/><property name="user.country" value="US"/><property name="sun.cpu.endian" value="little"/><property name="user.home" value="/home/muhammadammarabid"/><property name="user.language" value="en"/><property name="swoval.tmpdir" value="/home/muhammadammarabid/.sbt/1.0"/><property name="java.awt.graphicsenv" value="sun.awt.X11GraphicsEnvironment"/><property name="jline.esc.timeout" value="0"/><property name="path.separator" value=":"/><property name="os.version" value="4.15.0-99-generic"/><property name="jna.nosys" value="true"/><property name="java.runtime.name" value="OpenJDK Runtime Environment"/><property name="java.vm.name" value="OpenJDK 64-Bit Server VM"/><property name="jna.platform.library.path" value="/usr/lib/x86_64-linux-gnu:/lib/x86_64-linux-gnu:/lib64:/usr/lib:/lib:/lib32:/usr/lib32:/usr/lib/x86_64-linux-gnu/libfakeroot"/><property name="java.vendor.url.bug" value="https://bugs.launchpad.net/ubuntu/+source/openjdk-lts"/><property name="user.dir" value="/home/muhammadammarabid/IdeaProjects/scala/02-functional-program-design-in-scala/calculator"/><property name="os.arch" value="amd64"/><property name="java.vm.info" value="mixed mode, sharing"/><property name="java.vm.version" value="11.0.7+10-post-Ubuntu-2ubuntu218.04"/><property name="java.class.version" value="55.0"/>
    </properties>
                     <testcase classname="calculator.CalculatorSuite" name="Cyclic dependencies should result in NaN" time="0.039">
                                                 
                                               </testcase><testcase classname="calculator.CalculatorSuite" name="Self dependency" time="0.005">
                                                 
                                               </testcase><testcase classname="calculator.CalculatorSuite" name="If b previously depended on a, but no longer does, then it should not be recomputed anymore when a changes" time="0.008">
                                                 
                                               </testcase><testcase classname="calculator.CalculatorSuite" name="tweetRemainingCharsCount with a constant signal" time="0.027">
                                                 
                                               </testcase><testcase classname="calculator.CalculatorSuite" name="Expressions corresponding to every variable should be correctly evaluated" time="0.04">
                                                 
                                               </testcase><testcase classname="calculator.CalculatorSuite" name="tweetRemainingCharsCount's result signal should follow the input signal" time="0.022">
                                                 
                                               </testcase><testcase classname="calculator.CalculatorSuite" name="When an expression changes, other variables that depend on it should be recomputed" time="0.006">
                                                 
                                               </testcase><testcase classname="calculator.CalculatorSuite" name="When an expression changes, *only* the variables that depend on it should be recomputed" time="0.019">
                                                 
                                               </testcase><testcase classname="calculator.CalculatorSuite" name="computeDelta test" time="0.012">
                                                 
                                               </testcase><testcase classname="calculator.CalculatorSuite" name="colorForRemainingCharsCount with a constant signal&quot;" time="0.007">
                                                 
                                               </testcase><testcase classname="calculator.CalculatorSuite" name="tweetRemainingCharsCount with a supplementary char" time="0.002">
                                                 
                                               </testcase><testcase classname="calculator.CalculatorSuite" name="computeSolutions test" time="0.025">
                                                 
                                               </testcase><testcase classname="calculator.CalculatorSuite" name="Referencing an unknown variable should result in NaN" time="0.006">
                                                 
                                               </testcase>
                     <system-out><![CDATA[]]></system-out>
                     <system-err><![CDATA[]]></system-err>
                   </testsuite>